Build started 02-07-2019 12.33.23 PM.
     1>Project "C:\Users\DELL\documents\visual studio 2010\Projects\c\c\c.vcxproj" on node 2 (build target(s)).
     1>InitializeBuildStatus:
         Touching "Debug\c.unsuccessfulbuild".
       ClCompile:
         c:\Program Files (x86)\Microsoft Visual Studio 10.0\VC\bin\CL.exe /c /ZI /nologo /W3 /WX- /Od /Oy- /D WIN32 /D _DEBUG /D _CONSOLE /D _UNICODE /D UNICODE /Gm /EHsc /RTC1 /MDd /GS /fp:precise /Zc:wchar_t /Zc:forScope /Fo"Debug\\" /Fd"Debug\vc100.pdb" /Gd /TC /analyze- /errorReport:prompt countt.c even.c sum.c
         sum.c
         even.c
         countt.c
     1>c:\users\dell\documents\visual studio 2010\projects\c\c\countt.c(7): warning C4996: 'scanf': This function or variable may be unsafe. Consider using scanf_s instead. To disable deprecation, use _CRT_SECURE_NO_WARNINGS. See online help for details.
                 c:\program files (x86)\microsoft visual studio 10.0\vc\include\stdio.h(304) : see declaration of 'scanf'
         Generating Code...
       ManifestResourceCompile:
         All outputs are up-to-date.
       Link:
         c:\Program Files (x86)\Microsoft Visual Studio 10.0\VC\bin\link.exe /ERRORREPORT:PROMPT /OUT:"C:\Users\DELL\documents\visual studio 2010\Projects\c\Debug\c.exe" /INCREMENTAL /NOLOGO kernel32.lib user32.lib gdi32.lib winspool.lib comdlg32.lib advapi32.lib shell32.lib ole32.lib oleaut32.lib uuid.lib odbc32.lib odbccp32.lib /MANIFEST /ManifestFile:"Debug\c.exe.intermediate.manifest" /MANIFESTUAC:"level='asInvoker' uiAccess='false'" /DEBUG /PDB:"C:\Users\DELL\documents\visual studio 2010\Projects\c\Debug\c.pdb" /SUBSYSTEM:CONSOLE /TLBID:1 /DYNAMICBASE /NXCOMPAT /IMPLIB:"C:\Users\DELL\documents\visual studio 2010\Projects\c\Debug\c.lib" /MACHINE:X86 Debug\c.exe.embed.manifest.res
         Debug\countt.obj
         Debug\even.obj
         Debug\sum.obj
         Debug\summ.obj
         Debug\while.obj
         Debug\while1.obj
     1>while1.obj : error LNK2005: _main already defined in countt.obj
     1>C:\Users\DELL\documents\visual studio 2010\Projects\c\Debug\c.exe : fatal error LNK1169: one or more multiply defined symbols found
     1>Done Building Project "C:\Users\DELL\documents\visual studio 2010\Projects\c\c\c.vcxproj" (build target(s)) -- FAILED.

Build FAILED.

Time Elapsed 00:00:00.24
