Build started 13-04-2019 7.21.47 PM.
     1>Project "c:\Users\DELL\documents\visual studio 2010\Projects\c programs\c programs\c programs.vcxproj" on node 2 (build target(s)).
     1>InitializeBuildStatus:
         Touching "Debug\c programs.unsuccessfulbuild".
       ClCompile:
         c:\Program Files (x86)\Microsoft Visual Studio 10.0\VC\bin\CL.exe /c /ZI /nologo /W3 /WX- /Od /Oy- /D WIN32 /D _DEBUG /D _CONSOLE /D _UNICODE /D UNICODE /Gm /EHsc /RTC1 /MDd /GS /fp:precise /Zc:wchar_t /Zc:forScope /Fo"Debug\\" /Fd"Debug\vc100.pdb" /Gd /TC /analyze- /errorReport:prompt Hello.c sum.c
         sum.c
     1>c:\users\dell\documents\visual studio 2010\projects\c programs\c programs\sum.c(6): warning C4996: 'scanf': This function or variable may be unsafe. Consider using scanf_s instead. To disable deprecation, use _CRT_SECURE_NO_WARNINGS. See online help for details.
                 c:\program files (x86)\microsoft visual studio 10.0\vc\include\stdio.h(304) : see declaration of 'scanf'
         Hello.c
     1>c:\users\dell\documents\visual studio 2010\projects\c programs\c programs\hello.c(5): error C2143: syntax error : missing ')' before 'string'
     1>c:\users\dell\documents\visual studio 2010\projects\c programs\c programs\hello.c(5): error C2143: syntax error : missing '{' before 'string'
     1>c:\users\dell\documents\visual studio 2010\projects\c programs\c programs\hello.c(5): error C2059: syntax error : '<Unknown>'
     1>c:\users\dell\documents\visual studio 2010\projects\c programs\c programs\hello.c(5): error C2059: syntax error : ')'
         Generating Code...
     1>Done Building Project "c:\Users\DELL\documents\visual studio 2010\Projects\c programs\c programs\c programs.vcxproj" (build target(s)) -- FAILED.

Build FAILED.

Time Elapsed 00:00:00.10
